
Start-Date: 2020-07-29  01:29:44
Commandline: apt-get install --reinstall adduser
Reinstall: adduser:amd64 (3.118ubuntu2)
End-Date: 2020-07-29  01:29:44

Start-Date: 2020-07-29  01:29:46
Commandline: apt-get install --reinstall apt
Reinstall: apt:amd64 (2.0.2)
End-Date: 2020-07-29  01:29:47

Start-Date: 2020-07-29  01:29:48
Commandline: apt-get install --reinstall base-files
Reinstall: base-files:amd64 (11ubuntu5)
End-Date: 2020-07-29  01:29:49

Start-Date: 2020-07-29  01:29:50
Commandline: apt-get install --reinstall base-passwd
Reinstall: base-passwd:amd64 (3.5.47)
End-Date: 2020-07-29  01:29:51

Start-Date: 2020-07-29  01:29:52
Commandline: apt-get install --reinstall bash
Reinstall: bash:amd64 (5.0-6ubuntu1)
End-Date: 2020-07-29  01:29:52

Start-Date: 2020-07-29  01:29:54
Commandline: apt-get install --reinstall bsdutils
Reinstall: bsdutils:amd64 (1:2.34-0.1ubuntu9)
End-Date: 2020-07-29  01:29:54

Start-Date: 2020-07-29  01:29:56
Commandline: apt-get install --reinstall bzip2
Reinstall: bzip2:amd64 (1.0.8-2)
End-Date: 2020-07-29  01:29:56

Start-Date: 2020-07-29  01:29:57
Commandline: apt-get install --reinstall coreutils
Reinstall: coreutils:amd64 (8.30-3ubuntu2)
End-Date: 2020-07-29  01:29:58

Start-Date: 2020-07-29  01:29:59
Commandline: apt-get install --reinstall dash
Reinstall: dash:amd64 (0.5.10.2-6)
End-Date: 2020-07-29  01:30:00

Start-Date: 2020-07-29  01:30:01
Commandline: apt-get install --reinstall debconf
Reinstall: debconf:amd64 (1.5.73)
End-Date: 2020-07-29  01:30:02

Start-Date: 2020-07-29  01:30:04
Commandline: apt-get install --reinstall debianutils
Reinstall: debianutils:amd64 (4.9.1)
End-Date: 2020-07-29  01:30:04

Start-Date: 2020-07-29  01:30:06
Commandline: apt-get install --reinstall diffutils
Reinstall: diffutils:amd64 (1:3.7-3)
End-Date: 2020-07-29  01:30:06

Start-Date: 2020-07-29  01:30:08
Commandline: apt-get install --reinstall dpkg
Reinstall: dpkg:amd64 (1.19.7ubuntu3)
End-Date: 2020-07-29  01:30:08

Start-Date: 2020-07-29  01:30:10
Commandline: apt-get install --reinstall e2fsprogs
Reinstall: e2fsprogs:amd64 (1.45.5-2ubuntu1)
End-Date: 2020-07-29  01:30:11

Start-Date: 2020-07-29  01:30:12
Commandline: apt-get install --reinstall fdisk
Reinstall: fdisk:amd64 (2.34-0.1ubuntu9)
End-Date: 2020-07-29  01:30:12

Start-Date: 2020-07-29  01:30:14
Commandline: apt-get install --reinstall findutils
Reinstall: findutils:amd64 (4.7.0-1ubuntu1)
End-Date: 2020-07-29  01:30:14

Start-Date: 2020-07-29  01:30:16
Commandline: apt-get install --reinstall gcc-10-base:amd64
Reinstall: gcc-10-base:amd64 (10-20200411-0ubuntu1)
End-Date: 2020-07-29  01:30:16

Start-Date: 2020-07-29  01:30:17
Commandline: apt-get install --reinstall gpgv
Reinstall: gpgv:amd64 (2.2.19-3ubuntu2)
End-Date: 2020-07-29  01:30:18

Start-Date: 2020-07-29  01:30:19
Commandline: apt-get install --reinstall grep
Reinstall: grep:amd64 (3.4-1)
End-Date: 2020-07-29  01:30:20

Start-Date: 2020-07-29  01:30:21
Commandline: apt-get install --reinstall gzip
Reinstall: gzip:amd64 (1.10-0ubuntu4)
End-Date: 2020-07-29  01:30:22

Start-Date: 2020-07-29  01:30:24
Commandline: apt-get install --reinstall hostname
Reinstall: hostname:amd64 (3.23)
End-Date: 2020-07-29  01:30:24

Start-Date: 2020-07-29  01:30:25
Commandline: apt-get install --reinstall init-system-helpers
Reinstall: init-system-helpers:amd64 (1.57)
End-Date: 2020-07-29  01:30:26

Start-Date: 2020-07-29  01:30:27
Commandline: apt-get install --reinstall libacl1:amd64
Reinstall: libacl1:amd64 (2.2.53-6)
End-Date: 2020-07-29  01:30:28

Start-Date: 2020-07-29  01:30:30
Commandline: apt-get install --reinstall libapt-pkg6.0:amd64
Reinstall: libapt-pkg6.0:amd64 (2.0.2)
End-Date: 2020-07-29  01:30:30

Start-Date: 2020-07-29  01:30:32
Commandline: apt-get install --reinstall libattr1:amd64
Reinstall: libattr1:amd64 (1:2.4.48-5)
End-Date: 2020-07-29  01:30:32

Start-Date: 2020-07-29  01:30:34
Commandline: apt-get install --reinstall libaudit-common
Reinstall: libaudit-common:amd64 (1:2.8.5-2ubuntu6)
End-Date: 2020-07-29  01:30:35

Start-Date: 2020-07-29  01:30:36
Commandline: apt-get install --reinstall libaudit1:amd64
Reinstall: libaudit1:amd64 (1:2.8.5-2ubuntu6)
End-Date: 2020-07-29  01:30:37

Start-Date: 2020-07-29  01:30:38
Commandline: apt-get install --reinstall libblkid1:amd64
Reinstall: libblkid1:amd64 (2.34-0.1ubuntu9)
End-Date: 2020-07-29  01:30:39

Start-Date: 2020-07-29  01:30:41
Commandline: apt-get install --reinstall libbz2-1.0:amd64
Reinstall: libbz2-1.0:amd64 (1.0.8-2)
End-Date: 2020-07-29  01:30:41

Start-Date: 2020-07-29  01:30:43
Commandline: apt-get install --reinstall libc-bin
Reinstall: libc-bin:amd64 (2.31-0ubuntu9)
End-Date: 2020-07-29  01:30:44

Start-Date: 2020-07-29  01:30:46
Commandline: apt-get install --reinstall libc6:amd64
Reinstall: libc6:amd64 (2.31-0ubuntu9)
End-Date: 2020-07-29  01:30:48

Start-Date: 2020-07-29  01:30:50
Commandline: apt-get install --reinstall libcap-ng0:amd64
Reinstall: libcap-ng0:amd64 (0.7.9-2.1build1)
End-Date: 2020-07-29  01:30:50

Start-Date: 2020-07-29  01:30:52
Commandline: apt-get install --reinstall libcom-err2:amd64
Reinstall: libcom-err2:amd64 (1.45.5-2ubuntu1)
End-Date: 2020-07-29  01:30:52

Start-Date: 2020-07-29  01:30:54
Commandline: apt-get install --reinstall libcrypt1:amd64
Reinstall: libcrypt1:amd64 (1:4.4.10-10ubuntu4)
End-Date: 2020-07-29  01:30:55

Start-Date: 2020-07-29  01:30:56
Commandline: apt-get install --reinstall libdb5.3:amd64
Reinstall: libdb5.3:amd64 (5.3.28+dfsg1-0.6ubuntu2)
End-Date: 2020-07-29  01:30:57

Start-Date: 2020-07-29  01:30:59
Commandline: apt-get install --reinstall libdebconfclient0:amd64
Reinstall: libdebconfclient0:amd64 (0.251ubuntu1)
End-Date: 2020-07-29  01:30:59

Start-Date: 2020-07-29  01:31:01
Commandline: apt-get install --reinstall libext2fs2:amd64
Reinstall: libext2fs2:amd64 (1.45.5-2ubuntu1)
End-Date: 2020-07-29  01:31:01

Start-Date: 2020-07-29  01:31:03
Commandline: apt-get install --reinstall libfdisk1:amd64
Reinstall: libfdisk1:amd64 (2.34-0.1ubuntu9)
End-Date: 2020-07-29  01:31:03

Start-Date: 2020-07-29  01:31:05
Commandline: apt-get install --reinstall libffi7:amd64
Reinstall: libffi7:amd64 (3.3-4)
End-Date: 2020-07-29  01:31:05

Start-Date: 2020-07-29  01:31:07
Commandline: apt-get install --reinstall libgcc-s1:amd64
Reinstall: libgcc-s1:amd64 (10-20200411-0ubuntu1)
End-Date: 2020-07-29  01:31:07

Start-Date: 2020-07-29  01:31:09
Commandline: apt-get install --reinstall libgcrypt20:amd64
Reinstall: libgcrypt20:amd64 (1.8.5-5ubuntu1)
End-Date: 2020-07-29  01:31:09

Start-Date: 2020-07-29  01:31:11
Commandline: apt-get install --reinstall libgmp10:amd64
Reinstall: libgmp10:amd64 (2:6.2.0+dfsg-4)
End-Date: 2020-07-29  01:31:11

Start-Date: 2020-07-29  01:31:13
Commandline: apt-get install --reinstall libgnutls30:amd64
Reinstall: libgnutls30:amd64 (3.6.13-2ubuntu1)
End-Date: 2020-07-29  01:31:14

Start-Date: 2020-07-29  01:31:15
Commandline: apt-get install --reinstall libgpg-error0:amd64
Reinstall: libgpg-error0:amd64 (1.37-1)
End-Date: 2020-07-29  01:31:16

Start-Date: 2020-07-29  01:31:17
Commandline: apt-get install --reinstall libhogweed5:amd64
Reinstall: libhogweed5:amd64 (3.5.1+really3.5.1-2)
End-Date: 2020-07-29  01:31:17

Start-Date: 2020-07-29  01:31:19
Commandline: apt-get install --reinstall libidn2-0:amd64
Reinstall: libidn2-0:amd64 (2.2.0-2)
End-Date: 2020-07-29  01:31:20

Start-Date: 2020-07-29  01:31:21
Commandline: apt-get install --reinstall liblz4-1:amd64
Reinstall: liblz4-1:amd64 (1.9.2-2)
End-Date: 2020-07-29  01:31:22

Start-Date: 2020-07-29  01:31:23
Commandline: apt-get install --reinstall liblzma5:amd64
Reinstall: liblzma5:amd64 (5.2.4-1)
End-Date: 2020-07-29  01:31:24

Start-Date: 2020-07-29  01:31:25
Commandline: apt-get install --reinstall libmount1:amd64
Reinstall: libmount1:amd64 (2.34-0.1ubuntu9)
End-Date: 2020-07-29  01:31:25

Start-Date: 2020-07-29  01:31:27
Commandline: apt-get install --reinstall libncurses6:amd64
Reinstall: libncurses6:amd64 (6.2-0ubuntu2)
End-Date: 2020-07-29  01:31:27

Start-Date: 2020-07-29  01:31:29
Commandline: apt-get install --reinstall libncursesw6:amd64
Reinstall: libncursesw6:amd64 (6.2-0ubuntu2)
End-Date: 2020-07-29  01:31:29

Start-Date: 2020-07-29  01:31:31
Commandline: apt-get install --reinstall libnettle7:amd64
Reinstall: libnettle7:amd64 (3.5.1+really3.5.1-2)
End-Date: 2020-07-29  01:31:31

Start-Date: 2020-07-29  01:31:33
Commandline: apt-get install --reinstall libp11-kit0:amd64
Reinstall: libp11-kit0:amd64 (0.23.20-1build1)
End-Date: 2020-07-29  01:31:33

Start-Date: 2020-07-29  01:31:35
Commandline: apt-get install --reinstall libpam-modules:amd64
Reinstall: libpam-modules:amd64 (1.3.1-5ubuntu4)
End-Date: 2020-07-29  01:31:36

Start-Date: 2020-07-29  01:31:37
Commandline: apt-get install --reinstall libpam-modules-bin
Reinstall: libpam-modules-bin:amd64 (1.3.1-5ubuntu4)
End-Date: 2020-07-29  01:31:38

Start-Date: 2020-07-29  01:31:39
Commandline: apt-get install --reinstall libpam-runtime
Reinstall: libpam-runtime:amd64 (1.3.1-5ubuntu4)
End-Date: 2020-07-29  01:31:40

Start-Date: 2020-07-29  01:31:41
Commandline: apt-get install --reinstall libpam0g:amd64
Reinstall: libpam0g:amd64 (1.3.1-5ubuntu4)
End-Date: 2020-07-29  01:31:42

Start-Date: 2020-07-29  01:31:44
Commandline: apt-get install --reinstall libpcre2-8-0:amd64
Reinstall: libpcre2-8-0:amd64 (10.34-7)
End-Date: 2020-07-29  01:31:45

Start-Date: 2020-07-29  01:31:46
Commandline: apt-get install --reinstall libpcre3:amd64
Reinstall: libpcre3:amd64 (2:8.39-12build1)
End-Date: 2020-07-29  01:31:47

Start-Date: 2020-07-29  01:31:48
Commandline: apt-get install --reinstall libprocps8:amd64
Reinstall: libprocps8:amd64 (2:3.3.16-1ubuntu2)
End-Date: 2020-07-29  01:31:49

Start-Date: 2020-07-29  01:31:50
Commandline: apt-get install --reinstall libseccomp2:amd64
Reinstall: libseccomp2:amd64 (2.4.3-1ubuntu1)
End-Date: 2020-07-29  01:31:51

Start-Date: 2020-07-29  01:31:52
Commandline: apt-get install --reinstall libselinux1:amd64
Reinstall: libselinux1:amd64 (3.0-1build2)
End-Date: 2020-07-29  01:31:53

Start-Date: 2020-07-29  01:31:54
Commandline: apt-get install --reinstall libsemanage-common
Reinstall: libsemanage-common:amd64 (3.0-1build2)
End-Date: 2020-07-29  01:31:55

Start-Date: 2020-07-29  01:31:56
Commandline: apt-get install --reinstall libsemanage1:amd64
Reinstall: libsemanage1:amd64 (3.0-1build2)
End-Date: 2020-07-29  01:31:57

Start-Date: 2020-07-29  01:31:58
Commandline: apt-get install --reinstall libsepol1:amd64
Reinstall: libsepol1:amd64 (3.0-1)
End-Date: 2020-07-29  01:31:59

Start-Date: 2020-07-29  01:32:00
Commandline: apt-get install --reinstall libsmartcols1:amd64
Reinstall: libsmartcols1:amd64 (2.34-0.1ubuntu9)
End-Date: 2020-07-29  01:32:01

Start-Date: 2020-07-29  01:32:02
Commandline: apt-get install --reinstall libss2:amd64
Reinstall: libss2:amd64 (1.45.5-2ubuntu1)
End-Date: 2020-07-29  01:32:03

Start-Date: 2020-07-29  01:32:04
Commandline: apt-get install --reinstall libstdc++6:amd64
Reinstall: libstdc++6:amd64 (10-20200411-0ubuntu1)
End-Date: 2020-07-29  01:32:05

Start-Date: 2020-07-29  01:32:06
Commandline: apt-get install --reinstall libsystemd0:amd64
Reinstall: libsystemd0:amd64 (245.4-4ubuntu3)
End-Date: 2020-07-29  01:32:07

Start-Date: 2020-07-29  01:32:08
Commandline: apt-get install --reinstall libtasn1-6:amd64
Reinstall: libtasn1-6:amd64 (4.16.0-2)
End-Date: 2020-07-29  01:32:09

Start-Date: 2020-07-29  01:32:10
Commandline: apt-get install --reinstall libtinfo6:amd64
Reinstall: libtinfo6:amd64 (6.2-0ubuntu2)
End-Date: 2020-07-29  01:32:11

Start-Date: 2020-07-29  01:32:13
Commandline: apt-get install --reinstall libudev1:amd64
Reinstall: libudev1:amd64 (245.4-4ubuntu3)
End-Date: 2020-07-29  01:32:13

Start-Date: 2020-07-29  01:32:15
Commandline: apt-get install --reinstall libunistring2:amd64
Reinstall: libunistring2:amd64 (0.9.10-2)
End-Date: 2020-07-29  01:32:15

Start-Date: 2020-07-29  01:32:17
Commandline: apt-get install --reinstall libuuid1:amd64
Reinstall: libuuid1:amd64 (2.34-0.1ubuntu9)
End-Date: 2020-07-29  01:32:18

Start-Date: 2020-07-29  01:32:19
Commandline: apt-get install --reinstall libzstd1:amd64
Reinstall: libzstd1:amd64 (1.4.4+dfsg-3)
End-Date: 2020-07-29  01:32:20

Start-Date: 2020-07-29  01:32:21
Commandline: apt-get install --reinstall login
Reinstall: login:amd64 (1:4.8.1-1ubuntu5)
End-Date: 2020-07-29  01:32:22

Start-Date: 2020-07-29  01:32:23
Commandline: apt-get install --reinstall logsave
Reinstall: logsave:amd64 (1.45.5-2ubuntu1)
End-Date: 2020-07-29  01:32:23

Start-Date: 2020-07-29  01:32:25
Commandline: apt-get install --reinstall lsb-base
Reinstall: lsb-base:amd64 (11.1.0ubuntu2)
End-Date: 2020-07-29  01:32:25

Start-Date: 2020-07-29  01:32:27
Commandline: apt-get install --reinstall mawk
Reinstall: mawk:amd64 (1.3.4.20200120-2)
End-Date: 2020-07-29  01:32:28

Start-Date: 2020-07-29  01:32:29
Commandline: apt-get install --reinstall mount
Reinstall: mount:amd64 (2.34-0.1ubuntu9)
End-Date: 2020-07-29  01:32:30

Start-Date: 2020-07-29  01:32:31
Commandline: apt-get install --reinstall ncurses-base
Reinstall: ncurses-base:amd64 (6.2-0ubuntu2)
End-Date: 2020-07-29  01:32:32

Start-Date: 2020-07-29  01:32:33
Commandline: apt-get install --reinstall ncurses-bin
Reinstall: ncurses-bin:amd64 (6.2-0ubuntu2)
End-Date: 2020-07-29  01:32:34

Start-Date: 2020-07-29  01:32:35
Commandline: apt-get install --reinstall passwd
Reinstall: passwd:amd64 (1:4.8.1-1ubuntu5)
End-Date: 2020-07-29  01:32:36

Start-Date: 2020-07-29  01:32:37
Commandline: apt-get install --reinstall perl-base
Reinstall: perl-base:amd64 (5.30.0-9build1)
End-Date: 2020-07-29  01:32:39

Start-Date: 2020-07-29  01:32:41
Commandline: apt-get install --reinstall procps
Reinstall: procps:amd64 (2:3.3.16-1ubuntu2)
End-Date: 2020-07-29  01:32:41

Start-Date: 2020-07-29  01:32:42
Commandline: apt-get install --reinstall sed
Reinstall: sed:amd64 (4.7-1)
End-Date: 2020-07-29  01:32:43

Start-Date: 2020-07-29  01:32:44
Commandline: apt-get install --reinstall sensible-utils
Reinstall: sensible-utils:amd64 (0.0.12+nmu1)
End-Date: 2020-07-29  01:32:45

Start-Date: 2020-07-29  01:32:46
Commandline: apt-get install --reinstall sysvinit-utils
Reinstall: sysvinit-utils:amd64 (2.96-2.1ubuntu1)
End-Date: 2020-07-29  01:32:47

Start-Date: 2020-07-29  01:32:48
Commandline: apt-get install --reinstall tar
Reinstall: tar:amd64 (1.30+dfsg-7)
End-Date: 2020-07-29  01:32:49

Start-Date: 2020-07-29  01:32:50
Commandline: apt-get install --reinstall ubuntu-keyring
Reinstall: ubuntu-keyring:amd64 (2020.02.11.2)
End-Date: 2020-07-29  01:32:51

Start-Date: 2020-07-29  01:32:53
Commandline: apt-get install --reinstall util-linux
Reinstall: util-linux:amd64 (2.34-0.1ubuntu9)
End-Date: 2020-07-29  01:32:54

Start-Date: 2020-07-29  01:32:56
Commandline: apt-get install --reinstall zlib1g:amd64
Reinstall: zlib1g:amd64 (1:1.2.11.dfsg-2ubuntu1)
End-Date: 2020-07-29  01:32:56

Start-Date: 2020-07-29  01:33:00
Commandline: apt-get --yes -oDebug::pkgDepCache::AutoInstall=yes --force-yes upgrade
Upgrade: libseccomp2:amd64 (2.4.3-1ubuntu1, 2.4.3-1ubuntu3.20.04.3), libsystemd0:amd64 (245.4-4ubuntu3, 245.4-4ubuntu3.2), apt:amd64 (2.0.2, 2.0.2ubuntu0.1), passwd:amd64 (1:4.8.1-1ubuntu5, 1:4.8.1-1ubuntu5.20.04), libapt-pkg6.0:amd64 (2.0.2, 2.0.2ubuntu0.1), libudev1:amd64 (245.4-4ubuntu3, 245.4-4ubuntu3.2), login:amd64 (1:4.8.1-1ubuntu5, 1:4.8.1-1ubuntu5.20.04), bash:amd64 (5.0-6ubuntu1, 5.0-6ubuntu1.1), libgnutls30:amd64 (3.6.13-2ubuntu1, 3.6.13-2ubuntu1.2), base-files:amd64 (11ubuntu5, 11ubuntu5.1)
End-Date: 2020-07-29  01:33:03
